<?xml version="1.0" encoding="UTF-8"?>
<!-- Generated by org.testng.reporters.JUnitReportReporter -->
<testsuite skipped="0" hostname="LTPCHE082076955" name="com.mobileAuto.MobileAutomation" tests="3" failures="0" timestamp="2020-06-25T12:15:54 IST" time="73.316" errors="0">
  <testcase name="launchApp" time="51.966" classname="com.mobileAuto.MobileAutomation"/>
  <system-out/>
  <testcase name="saveData" time="20.783" classname="com.mobileAuto.MobileAutomation"/>
  <system-out/>
  <testcase name="CloseApp" time="0.567" classname="com.mobileAuto.MobileAutomation"/>
  <system-out/>
</testsuite> <!-- com.mobileAuto.MobileAutomation -->
