<?xml version="1.0" encoding="UTF-8"?>
<!-- Generated by org.testng.reporters.JUnitReportReporter -->
<testsuite skipped="0" hostname="LTPCHE082076955" name="com.mobileAuto.MobileAutomation" tests="3" failures="0" timestamp="2020-06-25T14:13:20 IST" time="79.695" errors="0">
  <testcase name="CloseApp" time="0.553" classname="com.mobileAuto.MobileAutomation"/>
  <system-out/>
  <testcase name="saveData" time="20.820" classname="com.mobileAuto.MobileAutomation"/>
  <system-out/>
  <testcase name="launchApp" time="58.322" classname="com.mobileAuto.MobileAutomation"/>
  <system-out/>
</testsuite> <!-- com.mobileAuto.MobileAutomation -->
